<?xml version="1.0" encoding="UTF-8"?>
<!-- Generated by org.testng.reporters.JUnitReportReporter -->
<testsuite hostname="Ростислав-ПК" failures="0" tests="1" name="company.name.positive.AuthenticationClientTest" time="39.449" errors="0" timestamp="2020-07-10T00:17:40 GMT+03:00" skipped="0">
  <testcase classname="company.name.positive.AuthenticationClientTest" name="authenticationClient" time="39.449"/>
  <system-out/>
</testsuite> <!-- company.name.positive.AuthenticationClientTest -->
